[2014-03-03 11:43:43] START
[2014-03-03 11:49:50] EDIT movie_suggest/controllers/default.py: -41
[2014-03-03 11:56:59] EDIT movie_suggest/controllers/default.py: 0
[2014-03-03 12:00:42] EDIT movie_suggest/views/default/index.html: -23
[2014-03-03 12:01:11] EDIT movie_suggest/views/default/index.html: 0
[2014-03-03 12:02:02] EDIT movie_suggest/views/default/index.html: 0
[2014-03-03 12:02:11] EDIT movie_suggest/controllers/default.py: 0
[2014-03-03 12:04:34] EDIT movie_suggest/controllers/default.py: 0
[2014-03-03 12:08:24] EDIT movie_suggest/controllers/default.py: 1
[2014-03-03 12:27:28] EDIT movie_suggest/views/layout.html: -116
[2014-03-03 12:27:55] EDIT movie_suggest/views/layout.html: 0
[2014-03-03 12:28:13] EDIT movie_suggest/views/default/index.html: 0
[2014-03-03 12:28:42] EDIT movie_suggest/views/default/index.html: 0
[2014-03-03 13:48:39] EDIT movie_suggest/controllers/default.py: 7
[2014-03-03 13:52:31] EDIT movie_suggest/controllers/default.py: 0
[2014-03-03 13:59:16] EDIT movie_suggest/controllers/default.py: 1
[2014-03-03 15:38:05] EDIT movie_suggest/controllers/default.py: -1
[2014-03-03 15:45:53] EDIT movie_suggest/controllers/default.py: 3
[2014-03-03 15:48:41] EDIT movie_suggest/controllers/default.py: 1
[2014-03-03 15:50:07] EDIT movie_suggest/controllers/default.py: 2
[2014-03-03 17:29:47] EDIT movie_suggest/controllers/default.py: 0
[2014-03-03 17:30:01] EDIT movie_suggest/controllers/default.py: 0
[2014-03-03 17:34:37] EDIT movie_suggest/controllers/default.py: 0
[2014-03-03 17:36:32] EDIT movie_suggest/controllers/default.py: 0
[2014-03-03 17:38:18] EDIT movie_suggest/controllers/default.py: 0
[2014-03-03 17:40:20] EDIT movie_suggest/views/default/index.html: 0
[2014-03-03 17:41:10] EDIT movie_suggest/controllers/default.py: 1
[2014-03-03 17:43:59] EDIT movie_suggest/views/default/index.html: 0
[2014-03-03 17:47:49] EDIT movie_suggest/views/default/index.html: 0
[2014-03-03 17:50:59] EDIT movie_suggest/views/default/index.html: 2
[2014-03-03 17:54:02] EDIT movie_suggest/views/default/index.html: 9
[2014-03-03 17:57:52] EDIT movie_suggest/controllers/default.py: -1
[2014-03-03 18:00:55] EDIT movie_suggest/views/default/index.html: 0
