
500 error at 11-08-2014 08:32:36: http://localhost:5000/users/ 
404 error at 11-08-2014 09:25:48: http://localhost/this-route-does-not-exist/ 
404 error at 11-08-2014 09:26:01: http://localhost/complete/1/ 
404 error at 11-08-2014 09:26:02: http://localhost/delete/1/ 
404 error at 11-08-2014 09:26:13: http://localhost/this-route-does-not-exist/ 
404 error at 11-08-2014 09:26:24: http://localhost/complete/1/ 
404 error at 11-08-2014 09:26:25: http://localhost/delete/1/ 
404 error at 11-08-2014 09:26:36: http://localhost/this-route-does-not-exist/ 
404 error at 11-08-2014 09:27:16: http://localhost/complete/1/ 
404 error at 11-08-2014 09:27:17: http://localhost/delete/1/ 
404 error at 11-08-2014 09:27:28: http://localhost/this-route-does-not-exist/ 
404 error at 11-08-2014 09:27:45: http://localhost/complete/1/ 
404 error at 11-08-2014 09:27:46: http://localhost/delete/1/ 
404 error at 11-08-2014 09:27:57: http://localhost/this-route-does-not-exist/ 
404 error at 11-08-2014 09:28:18: http://localhost/complete/1/ 
404 error at 11-08-2014 09:28:19: http://localhost/delete/1/ 
404 error at 11-08-2014 09:28:29: http://localhost/this-route-does-not-exist/ 
404 error at 11-08-2014 09:28:40: http://localhost/complete/1/ 
404 error at 11-08-2014 09:28:41: http://localhost/delete/1/ 
404 error at 11-08-2014 09:28:54: http://localhost/this-route-does-not-exist/ 
404 error at 11-08-2014 09:31:41: http://localhost/this-route-does-not-exist/ 
404 error at 11-08-2014 09:32:39: http://localhost/complete/1/ 
404 error at 11-08-2014 09:32:41: http://localhost/delete/1/ 
404 error at 11-08-2014 09:32:51: http://localhost/this-route-does-not-exist/ 
404 error at 11-08-2014 09:33:30: http://localhost/complete/1/ 
404 error at 11-08-2014 09:33:31: http://localhost/delete/1/ 
404 error at 11-08-2014 09:33:42: http://localhost/this-route-does-not-exist/ 
404 error at 11-08-2014 09:35:59: http://localhost/complete/1/ 
404 error at 11-08-2014 09:36:01: http://localhost/delete/1/ 
404 error at 11-08-2014 09:36:37: http://localhost/complete/1/ 
404 error at 11-08-2014 09:36:38: http://localhost/delete/1/ 
404 error at 11-08-2014 09:38:19: http://localhost/complete/1/ 
404 error at 11-08-2014 09:38:20: http://localhost/delete/1/ 
404 error at 11-08-2014 09:38:54: http://localhost/complete/1/ 
404 error at 11-08-2014 09:38:56: http://localhost/delete/1/ 
404 error at 11-08-2014 09:39:06: http://localhost/this-route-does-not-exist/ 
404 error at 11-08-2014 09:41:01: http://localhost/complete/1/ 
404 error at 11-08-2014 09:41:02: http://localhost/delete/1/ 
404 error at 11-08-2014 09:41:12: http://localhost/this-route-does-not-exist/ 
404 error at 11-08-2014 09:42:56: http://localhost/complete/1/ 
404 error at 11-08-2014 09:42:58: http://localhost/delete/1/ 
404 error at 11-08-2014 09:43:08: http://localhost/this-route-does-not-exist/ 
404 error at 11-08-2014 10:24:07: http://localhost/complete/1/ 
404 error at 11-08-2014 10:24:08: http://localhost/delete/1/ 
404 error at 11-08-2014 10:24:19: http://localhost/this-route-does-not-exist/ 
404 error at 11-08-2014 10:26:30: http://localhost/complete/1/ 
404 error at 11-08-2014 10:26:31: http://localhost/delete/1/ 
404 error at 11-08-2014 10:26:47: http://localhost/this-route-does-not-exist/ 
404 error at 11-08-2014 10:27:22: http://localhost/complete/1/ 
404 error at 11-08-2014 10:27:23: http://localhost/delete/1/ 
404 error at 11-08-2014 10:27:34: http://localhost/this-route-does-not-exist/ 
404 error at 11-08-2014 10:28:27: http://localhost/complete/1/ 
404 error at 11-08-2014 10:28:28: http://localhost/delete/1/ 
404 error at 11-08-2014 10:28:39: http://localhost/this-route-does-not-exist/ 
404 error at 11-08-2014 10:29:01: http://localhost/complete/1/ 
404 error at 11-08-2014 10:29:02: http://localhost/delete/1/ 
404 error at 11-08-2014 10:29:14: http://localhost/this-route-does-not-exist/ 
404 error at 11-08-2014 10:29:28: http://localhost/this-route-does-not-exist/ 
404 error at 11-08-2014 10:30:17: http://localhost/this-route-does-not-exist/ 
404 error at 11-08-2014 10:31:04: http://localhost/this-route-does-not-exist/ 
404 error at 11-08-2014 10:31:59: http://localhost/this-route-does-not-exist/ 
404 error at 11-08-2014 10:32:12: http://localhost/this-route-does-not-exist/ 
404 error at 11-08-2014 10:33:41: http://localhost/this-route-does-not-exist/ 
404 error at 11-08-2014 10:33:58: http://localhost/this-route-does-not-exist/ 
404 error at 11-08-2014 10:34:07: http://localhost/this-route-does-not-exist/ 
404 error at 11-08-2014 10:35:03: http://localhost/this-route-does-not-exist/ 
404 error at 11-08-2014 10:35:49: http://localhost/this-route-does-not-exist/ 
404 error at 11-08-2014 10:36:20: http://localhost/this-route-does-not-exist/ 
404 error at 11-08-2014 10:36:30: http://localhost/this-route-does-not-exist/ 
404 error at 11-08-2014 10:38:03: http://localhost/this-route-does-not-exist/ 
404 error at 11-08-2014 10:40:19: http://localhost/this-route-does-not-exist/ 
404 error at 11-08-2014 10:41:32: http://localhost/this-route-does-not-exist/ 
404 error at 11-08-2014 10:42:20: http://localhost/this-route-does-not-exist/ 
404 error at 11-08-2014 10:44:17: http://localhost/this-route-does-not-exist/ 
404 error at 11-08-2014 10:44:38: http://localhost/this-route-does-not-exist/ 
404 error at 11-08-2014 10:45:10: http://localhost/this-route-does-not-exist/ 
404 error at 11-08-2014 10:46:26: http://localhost/this-route-does-not-exist/ 
404 error at 11-08-2014 10:47:11: http://localhost/this-route-does-not-exist/ 
404 error at 11-08-2014 10:47:28: http://localhost/this-route-does-not-exist/ 
404 error at 11-08-2014 10:47:43: http://localhost/this-route-does-not-exist/ 
404 error at 11-08-2014 10:47:54: http://localhost/this-route-does-not-exist/ 
404 error at 11-08-2014 10:50:03: http://localhost/this-route-does-not-exist/ 
404 error at 11-08-2014 10:51:35: http://localhost/this-route-does-not-exist/ 
404 error at 11-08-2014 10:53:15: http://localhost/this-route-does-not-exist/ 
404 error at 11-08-2014 10:57:11: http://localhost/this-route-does-not-exist/ 
404 error at 11-08-2014 11:06:08: http://localhost/this-route-does-not-exist/ 
404 error at 11-08-2014 11:07:19: http://localhost/this-route-does-not-exist/ 
404 error at 11-08-2014 11:07:48: http://localhost/this-route-does-not-exist/ 
404 error at 11-08-2014 11:08:05: http://localhost/complete/1/ 
404 error at 11-08-2014 11:08:06: http://localhost/delete/1/ 
404 error at 11-08-2014 11:08:18: http://localhost/this-route-does-not-exist/ 
404 error at 11-08-2014 20:08:34: http://localhost/complete/1/ 
404 error at 11-08-2014 20:08:35: http://localhost/delete/1/ 
404 error at 11-08-2014 20:08:47: http://localhost/this-route-does-not-exist/ 
404 error at 11-08-2014 20:09:10: http://localhost/complete/1/ 
404 error at 11-08-2014 20:09:11: http://localhost/delete/1/ 
404 error at 11-08-2014 20:09:21: http://localhost/delete/1/ 
404 error at 11-08-2014 20:09:31: http://localhost/this-route-does-not-exist/ 
404 error at 11-08-2014 20:09:57: http://localhost/complete/1/ 
404 error at 11-08-2014 20:09:59: http://localhost/delete/1/ 
404 error at 11-08-2014 20:10:10: http://localhost/this-route-does-not-exist/ 
404 error at 11-08-2014 20:15:09: http://localhost/complete/1/ 
404 error at 11-08-2014 20:15:10: http://localhost/delete/1/ 
404 error at 11-08-2014 20:15:21: http://localhost/this-route-does-not-exist/ 
404 error at 11-08-2014 20:16:40: http://localhost/complete/1/ 
404 error at 11-08-2014 20:16:42: http://localhost/delete/1/ 
404 error at 11-08-2014 20:16:53: http://localhost/this-route-does-not-exist/ 
404 error at 11-08-2014 20:18:14: http://localhost/complete/1/ 
404 error at 11-08-2014 20:18:15: http://localhost/delete/1/ 
404 error at 11-08-2014 20:18:26: http://localhost/this-route-does-not-exist/ 
404 error at 11-08-2014 20:20:27: http://localhost/complete/1/ 
404 error at 11-08-2014 20:20:30: http://localhost/delete/1/ 
404 error at 11-08-2014 20:20:41: http://localhost/this-route-does-not-exist/ 
404 error at 12-08-2014 07:40:03: http://localhost/api/tasks/ 
404 error at 12-08-2014 07:44:35: http://localhost/api/tasks/ 
404 error at 12-08-2014 07:44:49: http://localhost/api/tasks/ 
404 error at 12-08-2014 10:17:00: http://localhost/api/tasks/2 
404 error at 12-08-2014 10:34:56: http://localhost/complete/1/ 
404 error at 12-08-2014 10:34:58: http://localhost/delete/1/ 
404 error at 12-08-2014 10:35:09: http://localhost/this-route-does-not-exist/ 
404 error at 12-08-2014 10:36:31: http://localhost/complete/1/ 
404 error at 12-08-2014 10:36:32: http://localhost/delete/1/ 
404 error at 12-08-2014 10:36:44: http://localhost/this-route-does-not-exist/ 
404 error at 12-08-2014 12:38:46: http://localhost/complete/1/ 
404 error at 12-08-2014 12:38:47: http://localhost/delete/1/ 
404 error at 12-08-2014 12:38:58: http://localhost/this-route-does-not-exist/ 
404 error at 12-08-2014 12:40:13: http://localhost/complete/1/ 
404 error at 12-08-2014 12:40:14: http://localhost/delete/1/ 
404 error at 12-08-2014 12:40:25: http://localhost/this-route-does-not-exist/ 
404 error at 30-08-2014 10:02:59: http://localhost:5000/favicon.ico 
500 error at 30-08-2014 10:03:31: http://localhost:5000/users/ 
404 error at 30-08-2014 10:04:21: http://localhost/complete/1/ 
404 error at 30-08-2014 10:04:22: http://localhost/delete/1/ 
404 error at 30-08-2014 10:04:39: http://localhost/this-route-does-not-exist/ 
404 error at 05-09-2014 08:13:37: http://localhost/complete/1/ 
404 error at 05-09-2014 08:13:38: http://localhost/delete/1/ 
404 error at 05-09-2014 08:13:49: http://localhost/this-route-does-not-exist/ 
404 error at 05-09-2014 08:15:37: http://localhost/complete/1/ 
404 error at 05-09-2014 08:15:40: http://localhost/delete/1/ 
404 error at 05-09-2014 08:15:51: http://localhost/this-route-does-not-exist/ 
404 error at 25-10-2014 14:52:29: http://localhost/complete/1/ 
404 error at 25-10-2014 14:52:30: http://localhost/delete/1/ 
404 error at 25-10-2014 14:52:40: http://localhost/this-route-does-not-exist/ 
404 error at 25-10-2014 14:53:17: http://localhost/complete/1/ 
404 error at 25-10-2014 14:53:19: http://localhost/delete/1/ 
404 error at 25-10-2014 14:53:29: http://localhost/this-route-does-not-exist/ 
404 error at 25-10-2014 16:24:15: http://localhost/complete/1/ 
404 error at 25-10-2014 16:24:16: http://localhost/delete/1/ 
404 error at 25-10-2014 16:24:27: http://localhost/this-route-does-not-exist/ 