2013-07-27 16:52:37,222 INFO: errors [in /Users/michaelherman/Desktop/realpython/flasktaskr/app/__init__.py:24]
2013-07-27 16:57:32,397 INFO: errors [in /Users/michaelherman/Desktop/realpython/flasktaskr/app/__init__.py:24]
2013-07-27 16:58:58,499 INFO: errors [in /Users/michaelherman/Desktop/realpython/flasktaskr/app/__init__.py:24]
2013-07-27 17:00:39,978 INFO: errors [in /Users/michaelherman/Desktop/realpython/flasktaskr/app/__init__.py:24]
2013-07-27 17:08:36,061 INFO: errors [in /Users/michaelherman/Desktop/realpython/flasktaskr/app/__init__.py:24]
2013-07-27 18:46:03,299 INFO: errors [in /Users/michaelherman/Desktop/realpython/flasktaskr/app/__init__.py:24]
2013-07-27 18:47:58,300 INFO: errors [in /Users/michaelherman/Desktop/realpython/flasktaskr/app/__init__.py:24]
2013-07-27 18:48:07,856 INFO: errors [in /Users/michaelherman/Desktop/realpython/flasktaskr/app/__init__.py:24]
2013-07-27 18:48:16,134 INFO: errors [in /Users/michaelherman/Desktop/realpython/flasktaskr/app/__init__.py:24]
2013-07-27 18:50:58,196 INFO: errors [in /Users/michaelherman/Desktop/realpython/flasktaskr/app/__init__.py:24]
2013-07-27 18:54:36,855 INFO: errors [in /Users/michaelherman/Desktop/realpython/flasktaskr/app/__init__.py:24]
2013-07-27 18:54:58,287 INFO: errors [in /Users/michaelherman/Desktop/realpython/flasktaskr/app/__init__.py:24]
2013-07-27 18:55:29,300 INFO: errors [in /Users/michaelherman/Desktop/realpython/flasktaskr/app/__init__.py:24]
2013-07-27 18:56:45,514 INFO: errors [in /Users/michaelherman/Desktop/realpython/flasktaskr/app/__init__.py:24]
2013-07-27 18:57:14,199 INFO: errors [in /Users/michaelherman/Desktop/realpython/flasktaskr/app/__init__.py:24]
2013-07-27 18:59:08,483 INFO: errors [in /Users/michaelherman/Desktop/realpython/flasktaskr/app/__init__.py:24]
2013-07-27 22:17:08,630 ERROR: Exception on /users/ [GET] [in /Users/michaelherman/Desktop/realpython/flasktaskr/env/lib/python2.7/site-packages/flask/app.py:1423]
Traceback (most recent call last):
  File "/Users/michaelherman/Desktop/realpython/flasktaskr/env/lib/python2.7/site-packages/flask/app.py", line 1817, in wsgi_app
    response = self.full_dispatch_request()
  File "/Users/michaelherman/Desktop/realpython/flasktaskr/env/lib/python2.7/site-packages/flask/app.py", line 1477, in full_dispatch_request
    rv = self.handle_user_exception(e)
  File "/Users/michaelherman/Desktop/realpython/flasktaskr/env/lib/python2.7/site-packages/flask/app.py", line 1381, in handle_user_exception
    reraise(exc_type, exc_value, tb)
  File "/Users/michaelherman/Desktop/realpython/flasktaskr/env/lib/python2.7/site-packages/flask/app.py", line 1475, in full_dispatch_request
    rv = self.dispatch_request()
  File "/Users/michaelherman/Desktop/realpython/flasktaskr/env/lib/python2.7/site-packages/flask/app.py", line 1461, in dispatch_request
    return self.view_functions[rule.endpoint](**req.view_args)
  File "/Users/michaelherman/Desktop/realpython/flasktaskr/app/users/views.py", line 37, in login
    error = error)
  File "/Users/michaelherman/Desktop/realpython/flasktaskr/env/lib/python2.7/site-packages/flask/templating.py", line 127, in render_template
    return _render(ctx.app.jinja_env.get_or_select_template(template_name_or_list),
  File "/Users/michaelherman/Desktop/realpython/flasktaskr/env/lib/python2.7/site-packages/jinja2/environment.py", line 830, in get_or_select_template
    return self.get_template(template_name_or_list, parent, globals)
  File "/Users/michaelherman/Desktop/realpython/flasktaskr/env/lib/python2.7/site-packages/jinja2/environment.py", line 791, in get_template
    return self._load_template(name, self.make_globals(globals))
  File "/Users/michaelherman/Desktop/realpython/flasktaskr/env/lib/python2.7/site-packages/jinja2/environment.py", line 765, in _load_template
    template = self.loader.load(self, name, globals)
  File "/Users/michaelherman/Desktop/realpython/flasktaskr/env/lib/python2.7/site-packages/jinja2/loaders.py", line 113, in load
    source, filename, uptodate = self.get_source(environment, name)
  File "/Users/michaelherman/Desktop/realpython/flasktaskr/env/lib/python2.7/site-packages/flask/templating.py", line 64, in get_source
    raise TemplateNotFound(template)
TemplateNotFound: users/login.html
2013-07-27 22:17:19,116 ERROR: Exception on /users/ [GET] [in /Users/michaelherman/Desktop/realpython/flasktaskr/env/lib/python2.7/site-packages/flask/app.py:1423]
Traceback (most recent call last):
  File "/Users/michaelherman/Desktop/realpython/flasktaskr/env/lib/python2.7/site-packages/flask/app.py", line 1817, in wsgi_app
    response = self.full_dispatch_request()
  File "/Users/michaelherman/Desktop/realpython/flasktaskr/env/lib/python2.7/site-packages/flask/app.py", line 1477, in full_dispatch_request
    rv = self.handle_user_exception(e)
  File "/Users/michaelherman/Desktop/realpython/flasktaskr/env/lib/python2.7/site-packages/flask/app.py", line 1381, in handle_user_exception
    reraise(exc_type, exc_value, tb)
  File "/Users/michaelherman/Desktop/realpython/flasktaskr/env/lib/python2.7/site-packages/flask/app.py", line 1475, in full_dispatch_request
    rv = self.dispatch_request()
  File "/Users/michaelherman/Desktop/realpython/flasktaskr/env/lib/python2.7/site-packages/flask/app.py", line 1461, in dispatch_request
    return self.view_functions[rule.endpoint](**req.view_args)
  File "/Users/michaelherman/Desktop/realpython/flasktaskr/app/users/views.py", line 37, in login
    error = error)
  File "/Users/michaelherman/Desktop/realpython/flasktaskr/env/lib/python2.7/site-packages/flask/templating.py", line 127, in render_template
    return _render(ctx.app.jinja_env.get_or_select_template(template_name_or_list),
  File "/Users/michaelherman/Desktop/realpython/flasktaskr/env/lib/python2.7/site-packages/jinja2/environment.py", line 830, in get_or_select_template
    return self.get_template(template_name_or_list, parent, globals)
  File "/Users/michaelherman/Desktop/realpython/flasktaskr/env/lib/python2.7/site-packages/jinja2/environment.py", line 791, in get_template
    return self._load_template(name, self.make_globals(globals))
  File "/Users/michaelherman/Desktop/realpython/flasktaskr/env/lib/python2.7/site-packages/jinja2/environment.py", line 765, in _load_template
    template = self.loader.load(self, name, globals)
  File "/Users/michaelherman/Desktop/realpython/flasktaskr/env/lib/python2.7/site-packages/jinja2/loaders.py", line 113, in load
    source, filename, uptodate = self.get_source(environment, name)
  File "/Users/michaelherman/Desktop/realpython/flasktaskr/env/lib/python2.7/site-packages/flask/templating.py", line 64, in get_source
    raise TemplateNotFound(template)
TemplateNotFound: users/login.html
2013-07-27 22:17:20,724 ERROR: Exception on /users/ [GET] [in /Users/michaelherman/Desktop/realpython/flasktaskr/env/lib/python2.7/site-packages/flask/app.py:1423]
Traceback (most recent call last):
  File "/Users/michaelherman/Desktop/realpython/flasktaskr/env/lib/python2.7/site-packages/flask/app.py", line 1817, in wsgi_app
    response = self.full_dispatch_request()
  File "/Users/michaelherman/Desktop/realpython/flasktaskr/env/lib/python2.7/site-packages/flask/app.py", line 1477, in full_dispatch_request
    rv = self.handle_user_exception(e)
  File "/Users/michaelherman/Desktop/realpython/flasktaskr/env/lib/python2.7/site-packages/flask/app.py", line 1381, in handle_user_exception
    reraise(exc_type, exc_value, tb)
  File "/Users/michaelherman/Desktop/realpython/flasktaskr/env/lib/python2.7/site-packages/flask/app.py", line 1475, in full_dispatch_request
    rv = self.dispatch_request()
  File "/Users/michaelherman/Desktop/realpython/flasktaskr/env/lib/python2.7/site-packages/flask/app.py", line 1461, in dispatch_request
    return self.view_functions[rule.endpoint](**req.view_args)
  File "/Users/michaelherman/Desktop/realpython/flasktaskr/app/users/views.py", line 37, in login
    error = error)
  File "/Users/michaelherman/Desktop/realpython/flasktaskr/env/lib/python2.7/site-packages/flask/templating.py", line 127, in render_template
    return _render(ctx.app.jinja_env.get_or_select_template(template_name_or_list),
  File "/Users/michaelherman/Desktop/realpython/flasktaskr/env/lib/python2.7/site-packages/jinja2/environment.py", line 830, in get_or_select_template
    return self.get_template(template_name_or_list, parent, globals)
  File "/Users/michaelherman/Desktop/realpython/flasktaskr/env/lib/python2.7/site-packages/jinja2/environment.py", line 791, in get_template
    return self._load_template(name, self.make_globals(globals))
  File "/Users/michaelherman/Desktop/realpython/flasktaskr/env/lib/python2.7/site-packages/jinja2/environment.py", line 765, in _load_template
    template = self.loader.load(self, name, globals)
  File "/Users/michaelherman/Desktop/realpython/flasktaskr/env/lib/python2.7/site-packages/jinja2/loaders.py", line 113, in load
    source, filename, uptodate = self.get_source(environment, name)
  File "/Users/michaelherman/Desktop/realpython/flasktaskr/env/lib/python2.7/site-packages/flask/templating.py", line 64, in get_source
    raise TemplateNotFound(template)
TemplateNotFound: users/login.html
2013-07-27 22:17:24,129 ERROR: Exception on /users/ [GET] [in /Users/michaelherman/Desktop/realpython/flasktaskr/env/lib/python2.7/site-packages/flask/app.py:1423]
Traceback (most recent call last):
  File "/Users/michaelherman/Desktop/realpython/flasktaskr/env/lib/python2.7/site-packages/flask/app.py", line 1817, in wsgi_app
    response = self.full_dispatch_request()
  File "/Users/michaelherman/Desktop/realpython/flasktaskr/env/lib/python2.7/site-packages/flask/app.py", line 1477, in full_dispatch_request
    rv = self.handle_user_exception(e)
  File "/Users/michaelherman/Desktop/realpython/flasktaskr/env/lib/python2.7/site-packages/flask/app.py", line 1381, in handle_user_exception
    reraise(exc_type, exc_value, tb)
  File "/Users/michaelherman/Desktop/realpython/flasktaskr/env/lib/python2.7/site-packages/flask/app.py", line 1475, in full_dispatch_request
    rv = self.dispatch_request()
  File "/Users/michaelherman/Desktop/realpython/flasktaskr/env/lib/python2.7/site-packages/flask/app.py", line 1461, in dispatch_request
    return self.view_functions[rule.endpoint](**req.view_args)
  File "/Users/michaelherman/Desktop/realpython/flasktaskr/app/users/views.py", line 37, in login
    error = error)
  File "/Users/michaelherman/Desktop/realpython/flasktaskr/env/lib/python2.7/site-packages/flask/templating.py", line 127, in render_template
    return _render(ctx.app.jinja_env.get_or_select_template(template_name_or_list),
  File "/Users/michaelherman/Desktop/realpython/flasktaskr/env/lib/python2.7/site-packages/jinja2/environment.py", line 830, in get_or_select_template
    return self.get_template(template_name_or_list, parent, globals)
  File "/Users/michaelherman/Desktop/realpython/flasktaskr/env/lib/python2.7/site-packages/jinja2/environment.py", line 791, in get_template
    return self._load_template(name, self.make_globals(globals))
  File "/Users/michaelherman/Desktop/realpython/flasktaskr/env/lib/python2.7/site-packages/jinja2/environment.py", line 765, in _load_template
    template = self.loader.load(self, name, globals)
  File "/Users/michaelherman/Desktop/realpython/flasktaskr/env/lib/python2.7/site-packages/jinja2/loaders.py", line 113, in load
    source, filename, uptodate = self.get_source(environment, name)
  File "/Users/michaelherman/Desktop/realpython/flasktaskr/env/lib/python2.7/site-packages/flask/templating.py", line 64, in get_source
    raise TemplateNotFound(template)
TemplateNotFound: users/login.html
2013-07-27 22:17:25,680 ERROR: Exception on /users/ [GET] [in /Users/michaelherman/Desktop/realpython/flasktaskr/env/lib/python2.7/site-packages/flask/app.py:1423]
Traceback (most recent call last):
  File "/Users/michaelherman/Desktop/realpython/flasktaskr/env/lib/python2.7/site-packages/flask/app.py", line 1817, in wsgi_app
    response = self.full_dispatch_request()
  File "/Users/michaelherman/Desktop/realpython/flasktaskr/env/lib/python2.7/site-packages/flask/app.py", line 1477, in full_dispatch_request
    rv = self.handle_user_exception(e)
  File "/Users/michaelherman/Desktop/realpython/flasktaskr/env/lib/python2.7/site-packages/flask/app.py", line 1381, in handle_user_exception
    reraise(exc_type, exc_value, tb)
  File "/Users/michaelherman/Desktop/realpython/flasktaskr/env/lib/python2.7/site-packages/flask/app.py", line 1475, in full_dispatch_request
    rv = self.dispatch_request()
  File "/Users/michaelherman/Desktop/realpython/flasktaskr/env/lib/python2.7/site-packages/flask/app.py", line 1461, in dispatch_request
    return self.view_functions[rule.endpoint](**req.view_args)
  File "/Users/michaelherman/Desktop/realpython/flasktaskr/app/users/views.py", line 37, in login
    error = error)
  File "/Users/michaelherman/Desktop/realpython/flasktaskr/env/lib/python2.7/site-packages/flask/templating.py", line 127, in render_template
    return _render(ctx.app.jinja_env.get_or_select_template(template_name_or_list),
  File "/Users/michaelherman/Desktop/realpython/flasktaskr/env/lib/python2.7/site-packages/jinja2/environment.py", line 830, in get_or_select_template
    return self.get_template(template_name_or_list, parent, globals)
  File "/Users/michaelherman/Desktop/realpython/flasktaskr/env/lib/python2.7/site-packages/jinja2/environment.py", line 791, in get_template
    return self._load_template(name, self.make_globals(globals))
  File "/Users/michaelherman/Desktop/realpython/flasktaskr/env/lib/python2.7/site-packages/jinja2/environment.py", line 765, in _load_template
    template = self.loader.load(self, name, globals)
  File "/Users/michaelherman/Desktop/realpython/flasktaskr/env/lib/python2.7/site-packages/jinja2/loaders.py", line 113, in load
    source, filename, uptodate = self.get_source(environment, name)
  File "/Users/michaelherman/Desktop/realpython/flasktaskr/env/lib/python2.7/site-packages/flask/templating.py", line 64, in get_source
    raise TemplateNotFound(template)
TemplateNotFound: users/login.html
2013-07-27 22:17:27,707 ERROR: Exception on /users/ [GET] [in /Users/michaelherman/Desktop/realpython/flasktaskr/env/lib/python2.7/site-packages/flask/app.py:1423]
Traceback (most recent call last):
  File "/Users/michaelherman/Desktop/realpython/flasktaskr/env/lib/python2.7/site-packages/flask/app.py", line 1817, in wsgi_app
    response = self.full_dispatch_request()
  File "/Users/michaelherman/Desktop/realpython/flasktaskr/env/lib/python2.7/site-packages/flask/app.py", line 1477, in full_dispatch_request
    rv = self.handle_user_exception(e)
  File "/Users/michaelherman/Desktop/realpython/flasktaskr/env/lib/python2.7/site-packages/flask/app.py", line 1381, in handle_user_exception
    reraise(exc_type, exc_value, tb)
  File "/Users/michaelherman/Desktop/realpython/flasktaskr/env/lib/python2.7/site-packages/flask/app.py", line 1475, in full_dispatch_request
    rv = self.dispatch_request()
  File "/Users/michaelherman/Desktop/realpython/flasktaskr/env/lib/python2.7/site-packages/flask/app.py", line 1461, in dispatch_request
    return self.view_functions[rule.endpoint](**req.view_args)
  File "/Users/michaelherman/Desktop/realpython/flasktaskr/app/users/views.py", line 37, in login
    error = error)
  File "/Users/michaelherman/Desktop/realpython/flasktaskr/env/lib/python2.7/site-packages/flask/templating.py", line 127, in render_template
    return _render(ctx.app.jinja_env.get_or_select_template(template_name_or_list),
  File "/Users/michaelherman/Desktop/realpython/flasktaskr/env/lib/python2.7/site-packages/jinja2/environment.py", line 830, in get_or_select_template
    return self.get_template(template_name_or_list, parent, globals)
  File "/Users/michaelherman/Desktop/realpython/flasktaskr/env/lib/python2.7/site-packages/jinja2/environment.py", line 791, in get_template
    return self._load_template(name, self.make_globals(globals))
  File "/Users/michaelherman/Desktop/realpython/flasktaskr/env/lib/python2.7/site-packages/jinja2/environment.py", line 765, in _load_template
    template = self.loader.load(self, name, globals)
  File "/Users/michaelherman/Desktop/realpython/flasktaskr/env/lib/python2.7/site-packages/jinja2/loaders.py", line 113, in load
    source, filename, uptodate = self.get_source(environment, name)
  File "/Users/michaelherman/Desktop/realpython/flasktaskr/env/lib/python2.7/site-packages/flask/templating.py", line 64, in get_source
    raise TemplateNotFound(template)
TemplateNotFound: users/login.html
2013-07-27 22:17:32,474 ERROR: Exception on /users/ [GET] [in /Users/michaelherman/Desktop/realpython/flasktaskr/env/lib/python2.7/site-packages/flask/app.py:1423]
Traceback (most recent call last):
  File "/Users/michaelherman/Desktop/realpython/flasktaskr/env/lib/python2.7/site-packages/flask/app.py", line 1817, in wsgi_app
    response = self.full_dispatch_request()
  File "/Users/michaelherman/Desktop/realpython/flasktaskr/env/lib/python2.7/site-packages/flask/app.py", line 1477, in full_dispatch_request
    rv = self.handle_user_exception(e)
  File "/Users/michaelherman/Desktop/realpython/flasktaskr/env/lib/python2.7/site-packages/flask/app.py", line 1381, in handle_user_exception
    reraise(exc_type, exc_value, tb)
  File "/Users/michaelherman/Desktop/realpython/flasktaskr/env/lib/python2.7/site-packages/flask/app.py", line 1475, in full_dispatch_request
    rv = self.dispatch_request()
  File "/Users/michaelherman/Desktop/realpython/flasktaskr/env/lib/python2.7/site-packages/flask/app.py", line 1461, in dispatch_request
    return self.view_functions[rule.endpoint](**req.view_args)
  File "/Users/michaelherman/Desktop/realpython/flasktaskr/app/users/views.py", line 37, in login
    error = error)
  File "/Users/michaelherman/Desktop/realpython/flasktaskr/env/lib/python2.7/site-packages/flask/templating.py", line 127, in render_template
    return _render(ctx.app.jinja_env.get_or_select_template(template_name_or_list),
  File "/Users/michaelherman/Desktop/realpython/flasktaskr/env/lib/python2.7/site-packages/jinja2/environment.py", line 830, in get_or_select_template
    return self.get_template(template_name_or_list, parent, globals)
  File "/Users/michaelherman/Desktop/realpython/flasktaskr/env/lib/python2.7/site-packages/jinja2/environment.py", line 791, in get_template
    return self._load_template(name, self.make_globals(globals))
  File "/Users/michaelherman/Desktop/realpython/flasktaskr/env/lib/python2.7/site-packages/jinja2/environment.py", line 765, in _load_template
    template = self.loader.load(self, name, globals)
  File "/Users/michaelherman/Desktop/realpython/flasktaskr/env/lib/python2.7/site-packages/jinja2/loaders.py", line 113, in load
    source, filename, uptodate = self.get_source(environment, name)
  File "/Users/michaelherman/Desktop/realpython/flasktaskr/env/lib/python2.7/site-packages/flask/templating.py", line 64, in get_source
    raise TemplateNotFound(template)
TemplateNotFound: users/login.html
2013-07-27 22:17:36,758 ERROR: Exception on /users/ [GET] [in /Users/michaelherman/Desktop/realpython/flasktaskr/env/lib/python2.7/site-packages/flask/app.py:1423]
Traceback (most recent call last):
  File "/Users/michaelherman/Desktop/realpython/flasktaskr/env/lib/python2.7/site-packages/flask/app.py", line 1817, in wsgi_app
    response = self.full_dispatch_request()
  File "/Users/michaelherman/Desktop/realpython/flasktaskr/env/lib/python2.7/site-packages/flask/app.py", line 1477, in full_dispatch_request
    rv = self.handle_user_exception(e)
  File "/Users/michaelherman/Desktop/realpython/flasktaskr/env/lib/python2.7/site-packages/flask/app.py", line 1381, in handle_user_exception
    reraise(exc_type, exc_value, tb)
  File "/Users/michaelherman/Desktop/realpython/flasktaskr/env/lib/python2.7/site-packages/flask/app.py", line 1475, in full_dispatch_request
    rv = self.dispatch_request()
  File "/Users/michaelherman/Desktop/realpython/flasktaskr/env/lib/python2.7/site-packages/flask/app.py", line 1461, in dispatch_request
    return self.view_functions[rule.endpoint](**req.view_args)
  File "/Users/michaelherman/Desktop/realpython/flasktaskr/app/users/views.py", line 37, in login
    error = error)
  File "/Users/michaelherman/Desktop/realpython/flasktaskr/env/lib/python2.7/site-packages/flask/templating.py", line 127, in render_template
    return _render(ctx.app.jinja_env.get_or_select_template(template_name_or_list),
  File "/Users/michaelherman/Desktop/realpython/flasktaskr/env/lib/python2.7/site-packages/jinja2/environment.py", line 830, in get_or_select_template
    return self.get_template(template_name_or_list, parent, globals)
  File "/Users/michaelherman/Desktop/realpython/flasktaskr/env/lib/python2.7/site-packages/jinja2/environment.py", line 791, in get_template
    return self._load_template(name, self.make_globals(globals))
  File "/Users/michaelherman/Desktop/realpython/flasktaskr/env/lib/python2.7/site-packages/jinja2/environment.py", line 765, in _load_template
    template = self.loader.load(self, name, globals)
  File "/Users/michaelherman/Desktop/realpython/flasktaskr/env/lib/python2.7/site-packages/jinja2/loaders.py", line 113, in load
    source, filename, uptodate = self.get_source(environment, name)
  File "/Users/michaelherman/Desktop/realpython/flasktaskr/env/lib/python2.7/site-packages/flask/templating.py", line 64, in get_source
    raise TemplateNotFound(template)
TemplateNotFound: users/login.html
2013-07-27 22:21:38,509 INFO: errors [in /Users/michaelherman/Desktop/realpython/flasktaskr/app/__init__.py:24]
2013-07-27 22:21:40,468 ERROR: Exception on /users/ [GET] [in /Users/michaelherman/Desktop/realpython/flasktaskr/env/lib/python2.7/site-packages/flask/app.py:1423]
Traceback (most recent call last):
  File "/Users/michaelherman/Desktop/realpython/flasktaskr/env/lib/python2.7/site-packages/flask/app.py", line 1817, in wsgi_app
    response = self.full_dispatch_request()
  File "/Users/michaelherman/Desktop/realpython/flasktaskr/env/lib/python2.7/site-packages/flask/app.py", line 1477, in full_dispatch_request
    rv = self.handle_user_exception(e)
  File "/Users/michaelherman/Desktop/realpython/flasktaskr/env/lib/python2.7/site-packages/flask/app.py", line 1381, in handle_user_exception
    reraise(exc_type, exc_value, tb)
  File "/Users/michaelherman/Desktop/realpython/flasktaskr/env/lib/python2.7/site-packages/flask/app.py", line 1475, in full_dispatch_request
    rv = self.dispatch_request()
  File "/Users/michaelherman/Desktop/realpython/flasktaskr/env/lib/python2.7/site-packages/flask/app.py", line 1461, in dispatch_request
    return self.view_functions[rule.endpoint](**req.view_args)
  File "/Users/michaelherman/Desktop/realpython/flasktaskr/app/users/views.py", line 37, in login
    error = error)
  File "/Users/michaelherman/Desktop/realpython/flasktaskr/env/lib/python2.7/site-packages/flask/templating.py", line 127, in render_template
    return _render(ctx.app.jinja_env.get_or_select_template(template_name_or_list),
  File "/Users/michaelherman/Desktop/realpython/flasktaskr/env/lib/python2.7/site-packages/jinja2/environment.py", line 830, in get_or_select_template
    return self.get_template(template_name_or_list, parent, globals)
  File "/Users/michaelherman/Desktop/realpython/flasktaskr/env/lib/python2.7/site-packages/jinja2/environment.py", line 791, in get_template
    return self._load_template(name, self.make_globals(globals))
  File "/Users/michaelherman/Desktop/realpython/flasktaskr/env/lib/python2.7/site-packages/jinja2/environment.py", line 765, in _load_template
    template = self.loader.load(self, name, globals)
  File "/Users/michaelherman/Desktop/realpython/flasktaskr/env/lib/python2.7/site-packages/jinja2/loaders.py", line 113, in load
    source, filename, uptodate = self.get_source(environment, name)
  File "/Users/michaelherman/Desktop/realpython/flasktaskr/env/lib/python2.7/site-packages/flask/templating.py", line 64, in get_source
    raise TemplateNotFound(template)
TemplateNotFound: users/login.html
2013-07-27 22:21:44,321 ERROR: Exception on /users/ [GET] [in /Users/michaelherman/Desktop/realpython/flasktaskr/env/lib/python2.7/site-packages/flask/app.py:1423]
Traceback (most recent call last):
  File "/Users/michaelherman/Desktop/realpython/flasktaskr/env/lib/python2.7/site-packages/flask/app.py", line 1817, in wsgi_app
    response = self.full_dispatch_request()
  File "/Users/michaelherman/Desktop/realpython/flasktaskr/env/lib/python2.7/site-packages/flask/app.py", line 1477, in full_dispatch_request
    rv = self.handle_user_exception(e)
  File "/Users/michaelherman/Desktop/realpython/flasktaskr/env/lib/python2.7/site-packages/flask/app.py", line 1381, in handle_user_exception
    reraise(exc_type, exc_value, tb)
  File "/Users/michaelherman/Desktop/realpython/flasktaskr/env/lib/python2.7/site-packages/flask/app.py", line 1475, in full_dispatch_request
    rv = self.dispatch_request()
  File "/Users/michaelherman/Desktop/realpython/flasktaskr/env/lib/python2.7/site-packages/flask/app.py", line 1461, in dispatch_request
    return self.view_functions[rule.endpoint](**req.view_args)
  File "/Users/michaelherman/Desktop/realpython/flasktaskr/app/users/views.py", line 37, in login
    error = error)
  File "/Users/michaelherman/Desktop/realpython/flasktaskr/env/lib/python2.7/site-packages/flask/templating.py", line 127, in render_template
    return _render(ctx.app.jinja_env.get_or_select_template(template_name_or_list),
  File "/Users/michaelherman/Desktop/realpython/flasktaskr/env/lib/python2.7/site-packages/jinja2/environment.py", line 830, in get_or_select_template
    return self.get_template(template_name_or_list, parent, globals)
  File "/Users/michaelherman/Desktop/realpython/flasktaskr/env/lib/python2.7/site-packages/jinja2/environment.py", line 791, in get_template
    return self._load_template(name, self.make_globals(globals))
  File "/Users/michaelherman/Desktop/realpython/flasktaskr/env/lib/python2.7/site-packages/jinja2/environment.py", line 765, in _load_template
    template = self.loader.load(self, name, globals)
  File "/Users/michaelherman/Desktop/realpython/flasktaskr/env/lib/python2.7/site-packages/jinja2/loaders.py", line 113, in load
    source, filename, uptodate = self.get_source(environment, name)
  File "/Users/michaelherman/Desktop/realpython/flasktaskr/env/lib/python2.7/site-packages/flask/templating.py", line 64, in get_source
    raise TemplateNotFound(template)
TemplateNotFound: users/login.html
2013-07-27 22:21:47,663 ERROR: Exception on /users/ [GET] [in /Users/michaelherman/Desktop/realpython/flasktaskr/env/lib/python2.7/site-packages/flask/app.py:1423]
Traceback (most recent call last):
  File "/Users/michaelherman/Desktop/realpython/flasktaskr/env/lib/python2.7/site-packages/flask/app.py", line 1817, in wsgi_app
    response = self.full_dispatch_request()
  File "/Users/michaelherman/Desktop/realpython/flasktaskr/env/lib/python2.7/site-packages/flask/app.py", line 1477, in full_dispatch_request
    rv = self.handle_user_exception(e)
  File "/Users/michaelherman/Desktop/realpython/flasktaskr/env/lib/python2.7/site-packages/flask/app.py", line 1381, in handle_user_exception
    reraise(exc_type, exc_value, tb)
  File "/Users/michaelherman/Desktop/realpython/flasktaskr/env/lib/python2.7/site-packages/flask/app.py", line 1475, in full_dispatch_request
    rv = self.dispatch_request()
  File "/Users/michaelherman/Desktop/realpython/flasktaskr/env/lib/python2.7/site-packages/flask/app.py", line 1461, in dispatch_request
    return self.view_functions[rule.endpoint](**req.view_args)
  File "/Users/michaelherman/Desktop/realpython/flasktaskr/app/users/views.py", line 37, in login
    error = error)
  File "/Users/michaelherman/Desktop/realpython/flasktaskr/env/lib/python2.7/site-packages/flask/templating.py", line 127, in render_template
    return _render(ctx.app.jinja_env.get_or_select_template(template_name_or_list),
  File "/Users/michaelherman/Desktop/realpython/flasktaskr/env/lib/python2.7/site-packages/jinja2/environment.py", line 830, in get_or_select_template
    return self.get_template(template_name_or_list, parent, globals)
  File "/Users/michaelherman/Desktop/realpython/flasktaskr/env/lib/python2.7/site-packages/jinja2/environment.py", line 791, in get_template
    return self._load_template(name, self.make_globals(globals))
  File "/Users/michaelherman/Desktop/realpython/flasktaskr/env/lib/python2.7/site-packages/jinja2/environment.py", line 765, in _load_template
    template = self.loader.load(self, name, globals)
  File "/Users/michaelherman/Desktop/realpython/flasktaskr/env/lib/python2.7/site-packages/jinja2/loaders.py", line 113, in load
    source, filename, uptodate = self.get_source(environment, name)
  File "/Users/michaelherman/Desktop/realpython/flasktaskr/env/lib/python2.7/site-packages/flask/templating.py", line 64, in get_source
    raise TemplateNotFound(template)
TemplateNotFound: users/login.html
2013-07-27 22:21:50,714 ERROR: Exception on /users/ [GET] [in /Users/michaelherman/Desktop/realpython/flasktaskr/env/lib/python2.7/site-packages/flask/app.py:1423]
Traceback (most recent call last):
  File "/Users/michaelherman/Desktop/realpython/flasktaskr/env/lib/python2.7/site-packages/flask/app.py", line 1817, in wsgi_app
    response = self.full_dispatch_request()
  File "/Users/michaelherman/Desktop/realpython/flasktaskr/env/lib/python2.7/site-packages/flask/app.py", line 1477, in full_dispatch_request
    rv = self.handle_user_exception(e)
  File "/Users/michaelherman/Desktop/realpython/flasktaskr/env/lib/python2.7/site-packages/flask/app.py", line 1381, in handle_user_exception
    reraise(exc_type, exc_value, tb)
  File "/Users/michaelherman/Desktop/realpython/flasktaskr/env/lib/python2.7/site-packages/flask/app.py", line 1475, in full_dispatch_request
    rv = self.dispatch_request()
  File "/Users/michaelherman/Desktop/realpython/flasktaskr/env/lib/python2.7/site-packages/flask/app.py", line 1461, in dispatch_request
    return self.view_functions[rule.endpoint](**req.view_args)
  File "/Users/michaelherman/Desktop/realpython/flasktaskr/app/users/views.py", line 37, in login
    error = error)
  File "/Users/michaelherman/Desktop/realpython/flasktaskr/env/lib/python2.7/site-packages/flask/templating.py", line 127, in render_template
    return _render(ctx.app.jinja_env.get_or_select_template(template_name_or_list),
  File "/Users/michaelherman/Desktop/realpython/flasktaskr/env/lib/python2.7/site-packages/jinja2/environment.py", line 830, in get_or_select_template
    return self.get_template(template_name_or_list, parent, globals)
  File "/Users/michaelherman/Desktop/realpython/flasktaskr/env/lib/python2.7/site-packages/jinja2/environment.py", line 791, in get_template
    return self._load_template(name, self.make_globals(globals))
  File "/Users/michaelherman/Desktop/realpython/flasktaskr/env/lib/python2.7/site-packages/jinja2/environment.py", line 765, in _load_template
    template = self.loader.load(self, name, globals)
  File "/Users/michaelherman/Desktop/realpython/flasktaskr/env/lib/python2.7/site-packages/jinja2/loaders.py", line 113, in load
    source, filename, uptodate = self.get_source(environment, name)
  File "/Users/michaelherman/Desktop/realpython/flasktaskr/env/lib/python2.7/site-packages/flask/templating.py", line 64, in get_source
    raise TemplateNotFound(template)
TemplateNotFound: users/login.html
2013-07-27 22:22:33,259 INFO: errors [in /Users/michaelherman/Desktop/realpython/flasktaskr/app/__init__.py:24]
2013-07-27 22:22:33,636 INFO: errors [in /Users/michaelherman/Desktop/realpython/flasktaskr/app/__init__.py:24]
2013-07-27 22:24:41,328 INFO: errors [in /Users/michaelherman/Desktop/realpython/flasktaskr/app/__init__.py:24]
2013-07-28 07:37:02,011 INFO: errors [in /Users/michaelherman/Desktop/realpython/flasktaskr/app/__init__.py:24]
2013-07-28 07:37:32,015 INFO: errors [in /Users/michaelherman/Desktop/realpython/flasktaskr/app/__init__.py:24]
2013-07-28 07:38:07,501 INFO: errors [in /Users/michaelherman/Desktop/realpython/flasktaskr/app/__init__.py:24]
2013-07-28 07:39:12,530 INFO: errors [in /Users/michaelherman/Desktop/realpython/flasktaskr/app/__init__.py:24]
2013-07-28 07:39:12,725 INFO: errors [in /Users/michaelherman/Desktop/realpython/flasktaskr/app/__init__.py:24]
2013-07-28 07:39:47,190 INFO: errors [in /Users/michaelherman/Desktop/realpython/flasktaskr/app/__init__.py:24]
2013-07-28 07:40:15,628 INFO: errors [in /Users/michaelherman/Desktop/realpython/flasktaskr/app/__init__.py:24]
2013-07-28 07:40:26,738 INFO: errors [in /Users/michaelherman/Desktop/realpython/flasktaskr/app/__init__.py:24]
2013-07-28 07:40:26,930 INFO: errors [in /Users/michaelherman/Desktop/realpython/flasktaskr/app/__init__.py:24]
2013-07-28 07:47:13,763 INFO: errors [in /Users/michaelherman/Desktop/realpython/flasktaskr/app/__init__.py:24]
2013-07-28 07:47:13,957 INFO: errors [in /Users/michaelherman/Desktop/realpython/flasktaskr/app/__init__.py:24]
2013-07-28 07:52:40,502 INFO: errors [in /Users/michaelherman/Desktop/realpython/flasktaskr/app/__init__.py:24]
2013-07-28 07:54:49,676 INFO: errors [in /Users/michaelherman/Desktop/realpython/flasktaskr/app/__init__.py:24]
2013-07-28 07:55:17,700 INFO: errors [in /Users/michaelherman/Desktop/realpython/flasktaskr/app/__init__.py:24]
2013-07-28 07:55:49,190 INFO: errors [in /Users/michaelherman/Desktop/realpython/flasktaskr/app/__init__.py:24]
2013-07-28 07:55:49,390 INFO: errors [in /Users/michaelherman/Desktop/realpython/flasktaskr/app/__init__.py:24]
2013-07-28 07:57:26,305 INFO: errors [in /Users/michaelherman/Desktop/realpython/flasktaskr/app/__init__.py:24]
2013-07-28 07:59:40,522 INFO: errors [in /Users/michaelherman/Desktop/realpython/flasktaskr/app/__init__.py:24]
2013-07-28 07:59:44,779 INFO: errors [in /Users/michaelherman/Desktop/realpython/flasktaskr/app/__init__.py:24]
2014-02-12 11:12:17,118 INFO: errors [in /Users/michaelherman/Documents/RealPython/chapter5/sample/app/__init__.py:24]
2014-02-12 11:15:24,120 INFO: errors [in /Users/michaelherman/Documents/RealPython/chapter5/sample/app/__init__.py:24]
2014-02-13 12:28:48,451 INFO: errors [in /Users/michaelherman/Documents/RealPython/chapter5/sample/app/__init__.py:24]
