2014-03-01 13:14:19,438 INFO: errors [in /Users/michaelherman/Documents/RealPython/chapter5/flasktaskr/app/__init__.py:24]
2014-03-01 13:14:20,143 INFO: errors [in /Users/michaelherman/Documents/RealPython/chapter5/flasktaskr/app/__init__.py:24]
2014-03-01 13:16:01,863 INFO: errors [in /Users/michaelherman/Documents/RealPython/chapter5/flasktaskr/app/__init__.py:24]
2014-03-01 13:16:02,098 INFO: errors [in /Users/michaelherman/Documents/RealPython/chapter5/flasktaskr/app/__init__.py:24]
2014-03-01 13:16:58,558 INFO: errors [in /Users/michaelherman/Documents/RealPython/chapter5/flasktaskr/app/__init__.py:24]
2014-03-01 13:16:58,793 INFO: errors [in /Users/michaelherman/Documents/RealPython/chapter5/flasktaskr/app/__init__.py:24]
2014-03-01 13:17:37,395 INFO: errors [in /Users/michaelherman/Documents/RealPython/chapter5/flasktaskr/app/__init__.py:24]
2014-03-01 13:17:37,662 INFO: errors [in /Users/michaelherman/Documents/RealPython/chapter5/flasktaskr/app/__init__.py:24]
2014-03-01 13:19:41,352 INFO: errors [in /Users/michaelherman/Documents/RealPython/chapter5/flasktaskr/app/__init__.py:24]
2014-03-01 13:20:54,015 INFO: errors [in /Users/michaelherman/Documents/RealPython/chapter5/flasktaskr/app/__init__.py:24]
2014-03-01 13:22:13,436 INFO: errors [in /Users/michaelherman/Documents/RealPython/chapter5/flasktaskr/app/__init__.py:24]
2014-03-01 13:24:35,072 INFO: errors [in /Users/michaelherman/Documents/RealPython/chapter5/flasktaskr/app/__init__.py:24]
2014-03-01 13:25:11,489 INFO: errors [in /Users/michaelherman/Documents/RealPython/chapter5/flasktaskr/app/__init__.py:24]
2014-03-01 13:25:53,306 INFO: errors [in /Users/michaelherman/Documents/RealPython/chapter5/flasktaskr/app/__init__.py:24]
2014-03-01 13:26:36,876 INFO: errors [in /Users/michaelherman/Documents/RealPython/chapter5/flasktaskr/app/__init__.py:24]
2014-03-01 13:27:25,532 INFO: errors [in /Users/michaelherman/Documents/RealPython/chapter5/flasktaskr/app/__init__.py:24]
2014-03-01 13:28:45,432 INFO: errors [in /Users/michaelherman/Documents/RealPython/chapter5/flasktaskr/app/__init__.py:24]
2014-03-01 13:28:49,603 INFO: errors [in /Users/michaelherman/Documents/RealPython/chapter5/flasktaskr/app/__init__.py:24]
2014-03-01 13:28:49,875 INFO: errors [in /Users/michaelherman/Documents/RealPython/chapter5/flasktaskr/app/__init__.py:24]
2014-03-01 13:29:23,719 INFO: errors [in /Users/michaelherman/Documents/RealPython/chapter5/flasktaskr/app/__init__.py:24]
2014-03-01 13:29:25,012 INFO: errors [in /Users/michaelherman/Documents/RealPython/chapter5/flasktaskr/app/__init__.py:24]
2014-03-01 13:30:15,278 INFO: errors [in /Users/michaelherman/Documents/RealPython/chapter5/flasktaskr/app/__init__.py:24]
2014-03-01 13:32:16,928 INFO: errors [in /Users/michaelherman/Documents/RealPython/chapter5/flasktaskr/app/__init__.py:24]
2014-03-01 13:32:32,751 INFO: errors [in /Users/michaelherman/Documents/RealPython/chapter5/flasktaskr/app/__init__.py:24]
2014-03-01 13:32:54,002 INFO: errors [in /Users/michaelherman/Documents/RealPython/chapter5/flasktaskr/app/__init__.py:24]
2014-03-01 13:33:00,988 INFO: errors [in /Users/michaelherman/Documents/RealPython/chapter5/flasktaskr/app/__init__.py:24]
2014-03-01 13:33:01,389 INFO: errors [in /Users/michaelherman/Documents/RealPython/chapter5/flasktaskr/app/__init__.py:24]
2014-03-01 13:34:30,867 INFO: errors [in /Users/michaelherman/Documents/RealPython/chapter5/flasktaskr/app/__init__.py:24]
2014-03-01 13:34:36,168 INFO: errors [in /Users/michaelherman/Documents/RealPython/chapter5/flasktaskr/app/__init__.py:24]
2014-03-01 13:34:36,555 INFO: errors [in /Users/michaelherman/Documents/RealPython/chapter5/flasktaskr/app/__init__.py:24]
2014-03-01 13:35:55,645 INFO: errors [in /Users/michaelherman/Documents/RealPython/chapter5/flasktaskr/app/__init__.py:24]
2014-03-01 13:35:59,349 INFO: errors [in /Users/michaelherman/Documents/RealPython/chapter5/flasktaskr/app/__init__.py:24]
2014-03-01 13:36:19,918 INFO: errors [in /Users/michaelherman/Documents/RealPython/chapter5/flasktaskr/app/__init__.py:24]
2014-03-01 13:36:20,145 INFO: errors [in /Users/michaelherman/Documents/RealPython/chapter5/flasktaskr/app/__init__.py:24]
2014-03-01 13:44:50,237 INFO: errors [in /Users/michaelherman/Documents/RealPython/chapter5/flasktaskr/app/__init__.py:24]
2014-03-01 13:44:50,863 INFO: errors [in /Users/michaelherman/Documents/RealPython/chapter5/flasktaskr/app/__init__.py:24]
2014-03-01 13:45:13,294 INFO: errors [in /Users/michaelherman/Documents/RealPython/chapter5/flasktaskr/app/__init__.py:24]
2014-03-01 13:46:48,153 INFO: errors [in /Users/michaelherman/Documents/RealPython/chapter5/flasktaskr/app/__init__.py:24]
2014-03-01 13:47:15,894 INFO: errors [in /Users/michaelherman/Documents/RealPython/chapter5/flasktaskr/app/__init__.py:24]
2014-03-01 13:47:33,501 INFO: errors [in /Users/michaelherman/Documents/RealPython/chapter5/flasktaskr/app/__init__.py:24]
2014-03-01 13:47:33,882 INFO: errors [in /Users/michaelherman/Documents/RealPython/chapter5/flasktaskr/app/__init__.py:24]
2014-03-01 13:48:07,919 INFO: errors [in /Users/michaelherman/Documents/RealPython/chapter5/flasktaskr/app/__init__.py:24]
2014-03-01 13:48:12,288 INFO: errors [in /Users/michaelherman/Documents/RealPython/chapter5/flasktaskr/app/__init__.py:24]
2014-03-01 13:48:18,076 INFO: errors [in /Users/michaelherman/Documents/RealPython/chapter5/flasktaskr/app/__init__.py:24]
2014-03-01 13:48:18,303 INFO: errors [in /Users/michaelherman/Documents/RealPython/chapter5/flasktaskr/app/__init__.py:24]
2014-03-01 13:51:23,409 INFO: errors [in /Users/michaelherman/Documents/RealPython/chapter5/flasktaskr/app/__init__.py:24]
2014-03-01 13:55:54,954 INFO: errors [in /Users/michaelherman/Documents/RealPython/chapter5/flasktaskr/app/__init__.py:24]
2014-03-01 13:55:59,243 INFO: errors [in /Users/michaelherman/Documents/RealPython/chapter5/flasktaskr/app/__init__.py:24]
2014-03-01 13:56:08,560 INFO: errors [in /Users/michaelherman/Documents/RealPython/chapter5/flasktaskr/app/__init__.py:24]
2014-03-01 13:56:13,389 INFO: errors [in /Users/michaelherman/Documents/RealPython/chapter5/flasktaskr/app/__init__.py:24]
2014-03-01 13:56:13,618 INFO: errors [in /Users/michaelherman/Documents/RealPython/chapter5/flasktaskr/app/__init__.py:24]
2014-03-01 13:56:34,020 INFO: errors [in /Users/michaelherman/Documents/RealPython/chapter5/flasktaskr/app/__init__.py:24]
2014-03-01 14:02:32,027 INFO: errors [in /Users/michaelherman/Documents/RealPython/chapter5/flasktaskr/app/__init__.py:24]
2014-03-01 14:02:32,254 INFO: errors [in /Users/michaelherman/Documents/RealPython/chapter5/flasktaskr/app/__init__.py:24]
2014-03-01 14:56:41,632 INFO: errors [in /Users/michaelherman/Documents/RealPython/chapter5/flasktaskr/app/__init__.py:24]
2014-03-01 14:56:42,830 INFO: errors [in /Users/michaelherman/Documents/RealPython/chapter5/flasktaskr/app/__init__.py:24]
2014-03-01 15:04:29,275 INFO: errors [in /Users/michaelherman/Documents/RealPython/chapter5/flasktaskr/app/__init__.py:24]
2014-03-01 15:04:30,387 INFO: errors [in /Users/michaelherman/Documents/RealPython/chapter5/flasktaskr/app/__init__.py:24]
2014-03-01 15:07:16,765 INFO: errors [in /Users/michaelherman/Documents/RealPython/chapter5/flasktaskr/app/__init__.py:24]
2014-03-01 15:07:17,321 INFO: errors [in /Users/michaelherman/Documents/RealPython/chapter5/flasktaskr/app/__init__.py:24]
2014-03-01 15:07:34,287 INFO: errors [in /Users/michaelherman/Documents/RealPython/chapter5/flasktaskr/app/__init__.py:24]
2014-03-01 15:07:34,866 INFO: errors [in /Users/michaelherman/Documents/RealPython/chapter5/flasktaskr/app/__init__.py:24]
2014-03-01 15:08:57,388 INFO: errors [in /Users/michaelherman/Documents/RealPython/chapter5/flasktaskr/app/__init__.py:24]
2014-03-01 15:08:58,274 INFO: errors [in /Users/michaelherman/Documents/RealPython/chapter5/flasktaskr/app/__init__.py:24]
2014-03-01 15:09:13,691 INFO: errors [in /Users/michaelherman/Documents/RealPython/chapter5/flasktaskr/app/__init__.py:24]
2014-03-01 15:09:14,246 INFO: errors [in /Users/michaelherman/Documents/RealPython/chapter5/flasktaskr/app/__init__.py:24]
2014-03-01 15:09:31,355 INFO: errors [in /Users/michaelherman/Documents/RealPython/chapter5/flasktaskr/app/__init__.py:24]
2014-03-01 15:09:31,931 INFO: errors [in /Users/michaelherman/Documents/RealPython/chapter5/flasktaskr/app/__init__.py:24]
2014-03-01 15:27:16,107 INFO: errors [in /Users/michaelherman/Documents/RealPython/chapter5/flasktaskr/app/__init__.py:24]
2014-03-01 15:27:18,152 INFO: errors [in /Users/michaelherman/Documents/RealPython/chapter5/flasktaskr/app/__init__.py:24]
2014-03-01 15:37:07,267 INFO: errors [in /Users/michaelherman/Documents/RealPython/chapter5/flasktaskr/app/__init__.py:24]
2014-03-01 15:37:08,427 INFO: errors [in /Users/michaelherman/Documents/RealPython/chapter5/flasktaskr/app/__init__.py:24]
2014-03-01 15:38:10,574 INFO: errors [in /Users/michaelherman/Documents/RealPython/chapter5/flasktaskr/app/__init__.py:24]
2014-03-01 15:38:11,172 INFO: errors [in /Users/michaelherman/Documents/RealPython/chapter5/flasktaskr/app/__init__.py:24]
2014-03-01 15:46:50,371 INFO: errors [in /Users/michaelherman/Documents/RealPython/chapter5/flasktaskr/app/__init__.py:24]
2014-03-01 15:46:52,087 INFO: errors [in /Users/michaelherman/Documents/RealPython/chapter5/flasktaskr/app/__init__.py:24]
2014-03-01 15:58:14,101 INFO: errors [in /Users/michaelherman/Documents/RealPython/chapter5/flasktaskr/app/__init__.py:24]
2014-03-01 15:58:15,442 INFO: errors [in /Users/michaelherman/Documents/RealPython/chapter5/flasktaskr/app/__init__.py:24]
2014-03-01 16:08:53,841 INFO: errors [in /Users/michaelherman/Documents/RealPython/chapter5/flasktaskr/app/__init__.py:24]
2014-03-01 16:11:58,650 INFO: errors [in /Users/michaelherman/Documents/RealPython/chapter5/flasktaskr/app/__init__.py:24]
2014-03-01 16:12:38,797 INFO: errors [in /Users/michaelherman/Documents/RealPython/chapter5/flasktaskr/app/__init__.py:24]
2014-03-01 16:13:18,922 INFO: errors [in /Users/michaelherman/Documents/RealPython/chapter5/flasktaskr/app/__init__.py:24]
2014-03-01 16:13:19,644 INFO: errors [in /Users/michaelherman/Documents/RealPython/chapter5/flasktaskr/app/__init__.py:24]
2014-03-01 16:13:47,832 INFO: errors [in /Users/michaelherman/Documents/RealPython/chapter5/flasktaskr/app/__init__.py:24]
2014-03-01 16:13:48,416 INFO: errors [in /Users/michaelherman/Documents/RealPython/chapter5/flasktaskr/app/__init__.py:24]
2014-03-01 16:15:01,393 INFO: errors [in /Users/michaelherman/Documents/RealPython/chapter5/flasktaskr/app/__init__.py:24]
2014-03-07 00:24:15,853 INFO: errors [in /Users/michaelherman/Documents/RealPython/chapter5/flasktaskr/app/__init__.py:24]
2014-03-08 21:10:54,639 INFO: errors [in /Users/michaelherman/Documents/RealPython/chapter5/flasktaskr/app/__init__.py:24]
2014-03-08 21:11:05,743 INFO: errors [in /Users/michaelherman/Documents/RealPython/chapter5/flasktaskr/app/__init__.py:24]
2014-03-08 21:11:17,773 ERROR: Exception on /api/tasks/ [GET] [in /Users/michaelherman/Documents/RealPython/chapter5/env/lib/python2.7/site-packages/flask/app.py:1423]
Traceback (most recent call last):
  File "/Users/michaelherman/Documents/RealPython/chapter5/env/lib/python2.7/site-packages/flask/app.py", line 1817, in wsgi_app
    response = self.full_dispatch_request()
  File "/Users/michaelherman/Documents/RealPython/chapter5/env/lib/python2.7/site-packages/flask/app.py", line 1477, in full_dispatch_request
    rv = self.handle_user_exception(e)
  File "/Users/michaelherman/Documents/RealPython/chapter5/env/lib/python2.7/site-packages/flask/app.py", line 1381, in handle_user_exception
    reraise(exc_type, exc_value, tb)
  File "/Users/michaelherman/Documents/RealPython/chapter5/env/lib/python2.7/site-packages/flask/app.py", line 1475, in full_dispatch_request
    rv = self.dispatch_request()
  File "/Users/michaelherman/Documents/RealPython/chapter5/env/lib/python2.7/site-packages/flask/app.py", line 1461, in dispatch_request
    return self.view_functions[rule.endpoint](**req.view_args)
  File "/Users/michaelherman/Documents/RealPython/chapter5/flasktaskr/app/views.py", line 39, in tasks
    if request.method == 'GET':
NameError: global name 'request' is not defined
2014-03-08 21:12:12,052 INFO: errors [in /Users/michaelherman/Documents/RealPython/chapter5/flasktaskr/app/__init__.py:24]
2014-03-08 21:12:12,285 INFO: errors [in /Users/michaelherman/Documents/RealPython/chapter5/flasktaskr/app/__init__.py:24]
2014-03-08 21:12:29,005 INFO: errors [in /Users/michaelherman/Documents/RealPython/chapter5/flasktaskr/app/__init__.py:24]
2014-03-08 21:15:01,349 INFO: errors [in /Users/michaelherman/Documents/RealPython/chapter5/flasktaskr/app/__init__.py:24]
2014-03-08 21:15:35,858 INFO: errors [in /Users/michaelherman/Documents/RealPython/chapter5/flasktaskr/app/__init__.py:24]
2014-03-08 21:28:10,682 INFO: errors [in /Users/michaelherman/Documents/RealPython/chapter5/flasktaskr/app/__init__.py:24]
2014-03-08 21:29:40,606 INFO: errors [in /Users/michaelherman/Documents/RealPython/chapter5/flasktaskr/app/__init__.py:24]
2014-03-08 21:33:44,449 INFO: errors [in /Users/michaelherman/Documents/RealPython/chapter5/flasktaskr/app/__init__.py:24]
2014-03-08 21:34:08,874 INFO: errors [in /Users/michaelherman/Documents/RealPython/chapter5/flasktaskr/app/__init__.py:24]
2014-03-08 21:34:21,213 INFO: errors [in /Users/michaelherman/Documents/RealPython/chapter5/flasktaskr/app/__init__.py:24]
2014-03-08 21:34:35,592 INFO: errors [in /Users/michaelherman/Documents/RealPython/chapter5/flasktaskr/app/__init__.py:24]
2014-03-08 21:34:56,005 INFO: errors [in /Users/michaelherman/Documents/RealPython/chapter5/flasktaskr/app/__init__.py:24]
2014-05-10 12:21:01,443 INFO: errors [in /Users/michaelherman/Documents/repos/realpython/book2-exercises/flasktaskr/app/__init__.py:24]
2014-05-10 12:21:02,662 INFO: errors [in /Users/michaelherman/Documents/repos/realpython/book2-exercises/flasktaskr/app/__init__.py:24]
2014-06-01 17:55:45,660 INFO: errors [in /Users/michaelherman/Documents/repos/realpython/book2-exercises/flasktaskr/app/__init__.py:24]
2014-06-01 17:55:46,870 INFO: errors [in /Users/michaelherman/Documents/repos/realpython/book2-exercises/flasktaskr/app/__init__.py:24]
2014-06-01 17:57:51,391 INFO: errors [in /Users/michaelherman/Documents/repos/realpython/book2-exercises/flasktaskr/app/__init__.py:24]
2014-06-01 17:57:51,709 INFO: errors [in /Users/michaelherman/Documents/repos/realpython/book2-exercises/flasktaskr/app/__init__.py:24]
2014-06-01 17:58:18,234 INFO: errors [in /Users/michaelherman/Documents/repos/realpython/book2-exercises/flasktaskr/app/__init__.py:24]
2014-06-01 17:58:31,669 INFO: errors [in /Users/michaelherman/Documents/repos/realpython/book2-exercises/flasktaskr/app/__init__.py:24]
2014-06-01 18:02:23,719 INFO: errors [in /Users/michaelherman/Documents/repos/realpython/book2-exercises/flasktaskr/app/__init__.py:24]
2014-06-01 18:03:02,206 INFO: errors [in /Users/michaelherman/Documents/repos/realpython/book2-exercises/flasktaskr/app/__init__.py:24]
2014-06-01 18:03:02,945 INFO: errors [in /Users/michaelherman/Documents/repos/realpython/book2-exercises/flasktaskr/app/__init__.py:24]
2014-06-01 18:04:20,013 INFO: errors [in /Users/michaelherman/Documents/repos/realpython/book2-exercises/flasktaskr/app/__init__.py:24]
2014-06-01 18:05:02,763 INFO: errors [in /Users/michaelherman/Documents/repos/realpython/book2-exercises/flasktaskr/app/__init__.py:24]
2014-06-01 18:05:23,231 INFO: errors [in /Users/michaelherman/Documents/repos/realpython/book2-exercises/flasktaskr/app/__init__.py:24]
2014-06-01 18:05:52,759 INFO: errors [in /Users/michaelherman/Documents/repos/realpython/book2-exercises/flasktaskr/app/__init__.py:24]
2014-06-01 18:06:09,205 INFO: errors [in /Users/michaelherman/Documents/repos/realpython/book2-exercises/flasktaskr/app/__init__.py:24]
2014-06-01 18:06:18,683 INFO: errors [in /Users/michaelherman/Documents/repos/realpython/book2-exercises/flasktaskr/app/__init__.py:24]
2014-06-01 18:06:18,966 INFO: errors [in /Users/michaelherman/Documents/repos/realpython/book2-exercises/flasktaskr/app/__init__.py:24]
2014-06-01 18:07:17,693 INFO: errors [in /Users/michaelherman/Documents/repos/realpython/book2-exercises/flasktaskr/app/__init__.py:24]
2014-06-01 18:07:26,090 INFO: errors [in /Users/michaelherman/Documents/repos/realpython/book2-exercises/flasktaskr/app/__init__.py:24]
2014-06-01 18:07:48,563 INFO: errors [in /Users/michaelherman/Documents/repos/realpython/book2-exercises/flasktaskr/app/__init__.py:24]
2014-06-01 18:08:12,426 INFO: errors [in /Users/michaelherman/Documents/repos/realpython/book2-exercises/flasktaskr/app/__init__.py:24]
2014-06-01 18:16:47,589 INFO: errors [in /Users/michaelherman/Documents/repos/realpython/book2-exercises/flasktaskr/app/__init__.py:24]
2014-06-01 18:54:04,547 INFO: errors [in /Users/michaelherman/Documents/repos/realpython/book2-exercises/flasktaskr/app/__init__.py:24]
2014-06-01 18:54:05,939 INFO: errors [in /Users/michaelherman/Documents/repos/realpython/book2-exercises/flasktaskr/app/__init__.py:24]
2014-06-01 18:54:40,506 INFO: errors [in /Users/michaelherman/Documents/repos/realpython/book2-exercises/flasktaskr/app/__init__.py:24]
2014-06-01 18:54:47,293 INFO: errors [in /Users/michaelherman/Documents/repos/realpython/book2-exercises/flasktaskr/app/__init__.py:24]
