[2014-03-01 22:00:47] START
[2014-03-01 22:02:44] EDIT pulse/views/default/index.html: -23
[2014-03-01 22:03:14] CREATE default/pulser.html: 0
[2014-03-01 22:03:26] EDIT pulse/views/default/pulser.html: 5
[2014-03-01 22:04:37] EDIT pulse/controllers/default.py: -40
[2014-03-01 22:04:51] EDIT pulse/controllers/default.py: 0
[2014-03-01 22:10:02] EDIT pulse/controllers/default.py: 4
[2014-03-01 22:11:00] EDIT pulse/views/default/pulser.html: 3
[2014-03-01 22:12:07] EDIT pulse/views/layout.html: -128
[2014-03-01 22:23:26] EDIT pulse/views/layout.html: 1
[2014-03-01 22:24:15] EDIT pulse/views/layout.html: -3
[2014-03-01 22:24:58] EDIT pulse/views/layout.html: 0
[2014-03-01 22:25:29] EDIT pulse/views/default/index.html: -4
[2014-03-01 22:27:31] EDIT pulse/views/layout.html: 6
[2014-03-01 22:28:04] EDIT pulse/views/layout.html: 0
[2014-03-01 22:28:16] EDIT pulse/views/layout.html: 0
[2014-03-01 22:30:09] EDIT pulse/views/layout.html: 2
[2014-03-01 22:31:09] EDIT pulse/views/default/pulser.html: -2
[2014-03-01 23:16:43] EDIT pulse/controllers/default.py: -5
[2014-03-01 23:17:21] EDIT pulse/views/default/index.html: 5
[2014-03-01 23:18:06] EDIT pulse/views/default/index.html: 0
[2014-03-01 23:21:28] EDIT pulse/controllers/default.py: -2
[2014-03-01 23:23:38] EDIT pulse/views/layout.html: 127
[2014-03-02 08:49:42] CREATE default/test.html: 0
[2014-03-02 08:50:11] EDIT pulse/views/default/test.html: 4
[2014-03-02 08:55:50] EDIT pulse/views/default/test.html: 0
[2014-03-02 08:55:57] EDIT pulse/views/default/test.html: -1
[2014-03-02 08:56:11] EDIT pulse/views/default/test.html: 0
[2014-03-02 09:00:11] EDIT pulse/controllers/default.py: -7
[2014-03-02 09:01:21] CREATE test/index.html: 0
[2014-03-02 09:01:33] EDIT pulse/views/test/index.html: 4
[2014-03-02 09:01:48] CREATE test.py: 0
[2014-03-02 09:02:03] EDIT pulse/controllers/default.py: 0
[2014-03-02 09:02:17] EDIT pulse/controllers/test.py: 4
[2014-03-02 09:03:42] EDIT pulse/views/test/index.html: 1
[2014-03-02 09:05:15] EDIT pulse/views/test/index.html: 0
[2014-03-02 09:05:52] EDIT pulse/controllers/test.py: 0
[2014-03-02 09:06:20] EDIT pulse/controllers/test.py: 0
[2014-03-02 09:08:18] EDIT pulse/views/test/index.html: 0
[2014-03-02 09:08:46] EDIT pulse/controllers/test.py: 0
[2014-03-02 09:10:14] EDIT pulse/controllers/test.py: -1
[2014-03-02 09:10:56] EDIT pulse/controllers/test.py: 0
[2014-03-02 09:14:51] EDIT pulse/views/layout.html: -51
[2014-03-02 09:16:26] EDIT pulse/views/layout.html: -27
[2014-03-02 09:19:53] EDIT pulse/views/test/index.html: 10
[2014-03-02 09:21:51] EDIT pulse/controllers/test.py: 1
[2014-03-02 09:23:19] EDIT pulse/controllers/test.py: 0
[2014-03-02 09:25:41] EDIT pulse/controllers/test.py: 4
[2014-03-02 09:26:02] EDIT pulse/controllers/test.py: -3
[2014-03-02 09:28:00] EDIT pulse/controllers/test.py: 0
[2014-03-02 09:29:56] EDIT pulse/views/test/index.html: 0
[2014-03-02 09:30:58] EDIT pulse/controllers/test.py: -2
[2014-03-02 09:31:37] EDIT pulse/controllers/test.py: 0
[2014-03-02 09:32:58] EDIT pulse/controllers/test.py: 0
[2014-03-02 09:33:45] EDIT pulse/views/layout.html: 0
[2014-03-02 09:34:01] EDIT pulse/views/layout.html: 0
[2014-03-02 09:34:33] EDIT pulse/views/layout.html: 0
[2014-03-02 09:35:23] EDIT pulse/views/layout.html: 0
[2014-03-02 09:36:07] EDIT pulse/views/layout.html: 48
[2014-03-02 09:37:03] EDIT pulse/controllers/test.py: 0
[2014-03-02 09:37:42] EDIT pulse/views/test/index.html: -1
[2014-03-02 09:38:02] EDIT pulse/views/test/index.html: 1
[2014-03-02 09:38:34] EDIT pulse/views/test/index.html: 0
[2014-03-02 09:39:41] EDIT pulse/views/layout.html: -22
[2014-03-02 09:40:04] EDIT pulse/views/layout.html: -14
[2014-03-02 09:40:26] EDIT pulse/views/layout.html: 1
[2014-03-02 09:40:43] EDIT pulse/views/layout.html: -7
[2014-03-02 09:42:25] EDIT pulse/views/layout.html: -52
[2014-03-02 09:42:36] EDIT pulse/views/layout.html: 0
[2014-03-02 09:43:04] EDIT pulse/views/layout.html: 8
[2014-03-02 09:43:10] EDIT pulse/views/layout.html: 8
[2014-03-02 09:43:16] EDIT pulse/views/layout.html: 6
[2014-03-02 09:43:19] EDIT pulse/views/layout.html: 0
[2014-03-02 09:43:34] EDIT pulse/views/layout.html: 7
[2014-03-02 09:43:55] EDIT pulse/views/layout.html: -13
[2014-03-02 09:44:16] EDIT pulse/views/layout.html: 2
[2014-03-02 09:44:31] EDIT pulse/views/layout.html: 7
[2014-03-02 09:44:46] EDIT pulse/views/layout.html: -8
[2014-03-02 09:45:02] EDIT pulse/views/layout.html: -8
[2014-03-02 09:45:22] EDIT pulse/views/layout.html: -7
[2014-03-02 09:45:55] EDIT pulse/views/layout.html: 3
[2014-03-02 09:46:39] EDIT pulse/views/layout.html: -26
[2014-03-02 09:49:03] EDIT pulse/controllers/test.py: 3
[2014-03-02 09:49:16] EDIT pulse/controllers/test.py: 0
[2014-03-02 09:50:00] EDIT pulse/controllers/test.py: 0
[2014-03-02 09:50:05] EDIT pulse/controllers/test.py: 0
[2014-03-02 09:50:34] EDIT pulse/controllers/test.py: 0
[2014-03-02 09:51:26] EDIT pulse/controllers/test.py: -1
[2014-03-02 09:51:53] EDIT pulse/controllers/test.py: 0
[2014-03-02 09:54:41] EDIT pulse/controllers/test.py: 1
[2014-03-02 09:55:54] EDIT pulse/controllers/test.py: -3
[2014-03-02 09:56:38] EDIT pulse/controllers/test.py: 0
[2014-03-02 09:56:55] EDIT pulse/views/test/index.html: 0
[2014-03-02 09:57:18] EDIT pulse/views/test/index.html: 0
[2014-03-02 09:57:37] EDIT pulse/views/test/index.html: 0
[2014-03-02 09:57:47] EDIT pulse/views/test/index.html: 0
[2014-03-02 09:58:27] EDIT pulse/controllers/test.py: 0
[2014-03-02 10:00:32] EDIT pulse/views/layout.html: -2
[2014-03-02 10:11:02] EDIT pulse/controllers/default.py: -1
[2014-03-02 10:11:40] EDIT pulse/views/default/index.html: -2
[2014-03-02 10:12:05] EDIT pulse/views/default/index.html: 0
[2014-03-02 10:12:34] EDIT pulse/controllers/default.py: 0
[2014-03-02 10:14:07] EDIT pulse/controllers/default.py: -1
[2014-03-02 10:14:45] EDIT pulse/controllers/default.py: 0
[2014-03-02 10:15:25] EDIT pulse/views/default/index.html: 0
[2014-03-02 10:15:50] EDIT pulse/controllers/default.py: 0
[2014-03-02 10:17:34] EDIT pulse/controllers/default.py: 0
[2014-03-02 10:19:09] EDIT pulse/controllers/default.py: 0
[2014-03-02 10:19:39] EDIT pulse/controllers/default.py: 0
[2014-03-02 10:21:28] EDIT pulse/controllers/default.py: 3
[2014-03-02 10:22:00] EDIT pulse/controllers/default.py: 0
[2014-03-02 10:23:11] EDIT pulse/controllers/default.py: 1
[2014-03-02 10:24:07] EDIT pulse/controllers/default.py: 0
[2014-03-02 10:24:22] EDIT pulse/controllers/default.py: 0
[2014-03-02 10:24:41] EDIT pulse/views/default/index.html: 0
[2014-03-02 10:27:07] EDIT pulse/controllers/default.py: 0
[2014-03-02 10:27:49] EDIT pulse/controllers/default.py: 0
[2014-03-02 10:41:29] EDIT pulse/views/default/index.html: 1
[2014-03-02 10:42:53] EDIT pulse/controllers/default.py: 0
[2014-03-02 10:43:07] EDIT pulse/controllers/default.py: 0
[2014-03-02 10:43:26] EDIT pulse/controllers/default.py: 0
[2014-03-02 10:43:40] EDIT pulse/controllers/default.py: 0
[2014-03-02 10:44:46] EDIT pulse/controllers/default.py: 0
[2014-03-02 10:44:51] EDIT pulse/controllers/default.py: 0
[2014-03-02 10:45:18] EDIT pulse/controllers/default.py: 2
[2014-03-02 10:45:48] EDIT pulse/controllers/default.py: 0
[2014-03-02 10:46:09] EDIT pulse/controllers/default.py: 0
[2014-03-02 10:47:25] EDIT pulse/controllers/default.py: 0
[2014-03-02 10:47:32] EDIT pulse/controllers/default.py: 0
[2014-03-02 10:48:08] EDIT pulse/views/default/index.html: 0
[2014-03-02 10:49:23] EDIT pulse/controllers/default.py: 0
[2014-03-02 10:49:27] EDIT pulse/controllers/default.py: 0
[2014-03-02 11:04:34] EDIT pulse/views/default/index.html: 1
[2014-03-02 11:05:07] EDIT pulse/views/default/index.html: 1
[2014-03-02 11:06:27] EDIT pulse/views/default/index.html: 2
[2014-03-02 11:06:42] EDIT pulse/views/default/index.html: 0
[2014-03-02 11:08:41] EDIT pulse/controllers/default.py: -2
[2014-03-02 11:09:27] EDIT pulse/controllers/default.py: 0
[2014-03-02 11:10:25] EDIT pulse/controllers/default.py: 2
[2014-03-02 11:13:06] EDIT pulse/controllers/default.py: 4
[2014-03-02 11:13:13] EDIT pulse/controllers/default.py: -2
[2014-03-02 11:14:13] EDIT pulse/controllers/default.py: 0
[2014-03-02 11:15:04] EDIT pulse/controllers/default.py: 10
[2014-03-02 11:15:08] EDIT pulse/controllers/default.py: 0
[2014-03-02 11:16:22] EDIT pulse/controllers/default.py: 1
[2014-03-02 11:18:18] EDIT pulse/controllers/default.py: 0
[2014-03-02 11:19:51] EDIT pulse/controllers/default.py: 0
[2014-03-02 11:20:26] EDIT pulse/controllers/default.py: 0
[2014-03-02 11:20:43] EDIT pulse/controllers/default.py: 0
[2014-03-02 11:21:17] EDIT pulse/controllers/default.py: 0
[2014-03-02 11:23:43] EDIT pulse/controllers/default.py: 8
[2014-03-02 11:23:55] EDIT pulse/controllers/default.py: 0
[2014-03-02 11:24:44] EDIT pulse/controllers/default.py: 0
[2014-03-02 11:25:04] EDIT pulse/controllers/default.py: 0
[2014-03-02 11:25:21] EDIT pulse/controllers/default.py: 0
[2014-03-02 11:25:48] EDIT pulse/controllers/default.py: 0
[2014-03-02 11:26:06] EDIT pulse/controllers/default.py: 0
[2014-03-02 11:26:15] EDIT pulse/controllers/default.py: 0
[2014-03-02 11:28:14] EDIT pulse/controllers/default.py: 0
[2014-03-02 11:28:30] EDIT pulse/controllers/default.py: -16
[2014-03-02 11:32:06] EDIT pulse/controllers/default.py: 0
[2014-03-02 11:32:15] EDIT pulse/controllers/default.py: 0
[2014-03-02 11:43:00] EDIT pulse/controllers/default.py: 3
[2014-03-02 11:43:37] EDIT pulse/controllers/default.py: 0
[2014-03-02 11:44:11] EDIT pulse/controllers/default.py: 0
[2014-03-02 11:44:57] EDIT pulse/controllers/default.py: 0
[2014-03-02 11:45:41] EDIT pulse/controllers/default.py: 0
[2014-03-02 11:46:15] EDIT pulse/controllers/default.py: 0
[2014-03-02 11:47:21] EDIT pulse/controllers/default.py: 0
[2014-03-02 11:48:01] EDIT pulse/controllers/default.py: 0
[2014-03-02 11:48:29] EDIT pulse/controllers/default.py: 0
[2014-03-02 11:50:09] EDIT pulse/controllers/default.py: 0
[2014-03-02 11:50:27] EDIT pulse/controllers/default.py: 0
[2014-03-02 11:51:22] EDIT pulse/controllers/default.py: 0
[2014-03-02 11:51:28] EDIT pulse/controllers/default.py: 0
[2014-03-02 11:52:13] EDIT pulse/controllers/default.py: 0
[2014-03-02 11:53:31] EDIT pulse/controllers/default.py: -1
[2014-03-02 11:53:38] EDIT pulse/controllers/default.py: 0
[2014-03-02 11:54:26] EDIT pulse/controllers/default.py: 0
[2014-03-02 11:58:23] EDIT pulse/controllers/default.py: 1
[2014-03-02 11:59:20] EDIT pulse/controllers/default.py: 1
[2014-03-02 12:01:50] EDIT pulse/controllers/default.py: -2
[2014-03-02 12:02:36] EDIT pulse/controllers/default.py: 0
[2014-03-02 12:03:41] EDIT pulse/controllers/default.py: 0
[2014-03-02 12:05:00] EDIT pulse/controllers/default.py: 0
[2014-03-02 12:05:46] EDIT pulse/controllers/default.py: 0
[2014-03-02 12:07:14] EDIT pulse/controllers/default.py: 0
[2014-03-02 12:17:05] EDIT pulse/controllers/default.py: 1
[2014-03-02 12:18:44] EDIT pulse/controllers/default.py: 1
[2014-03-02 12:20:10] EDIT pulse/controllers/default.py: 0
[2014-03-02 12:27:04] EDIT pulse/controllers/default.py: 3
[2014-03-02 12:27:10] EDIT pulse/controllers/default.py: -1
[2014-03-02 12:29:10] EDIT pulse/controllers/default.py: -2
[2014-03-02 12:30:13] EDIT pulse/controllers/default.py: 3
[2014-03-02 12:30:45] EDIT pulse/controllers/default.py: 0
[2014-03-02 12:31:06] EDIT pulse/controllers/default.py: 0
[2014-03-02 12:32:19] EDIT pulse/controllers/default.py: 0
[2014-03-02 12:32:40] EDIT pulse/controllers/default.py: 0
[2014-03-02 12:33:58] EDIT pulse/controllers/default.py: 5
[2014-03-02 12:34:05] EDIT pulse/controllers/default.py: 0
[2014-03-02 12:34:11] EDIT pulse/controllers/default.py: 0
[2014-03-02 12:34:38] EDIT pulse/controllers/default.py: -1
[2014-03-02 12:35:36] EDIT pulse/controllers/default.py: 2
[2014-03-02 12:37:11] EDIT pulse/controllers/default.py: 4
[2014-03-02 12:37:15] EDIT pulse/controllers/default.py: 0
[2014-03-02 12:37:20] EDIT pulse/controllers/default.py: 0
[2014-03-02 12:38:00] EDIT pulse/controllers/default.py: 0
[2014-03-02 12:40:40] EDIT pulse/controllers/default.py: 3
[2014-03-02 12:41:08] EDIT pulse/controllers/default.py: 0
[2014-03-02 12:41:36] EDIT pulse/controllers/default.py: 0
[2014-03-02 12:42:42] EDIT pulse/controllers/default.py: 0
[2014-03-02 12:42:45] EDIT pulse/controllers/default.py: 0
[2014-03-02 12:43:47] EDIT pulse/controllers/default.py: 3
[2014-03-02 12:43:54] EDIT pulse/controllers/default.py: 0
[2014-03-02 12:46:25] EDIT pulse/controllers/default.py: 6
[2014-03-02 12:47:45] EDIT pulse/controllers/default.py: 6
[2014-03-02 12:48:22] EDIT pulse/controllers/default.py: 3
[2014-03-02 12:49:54] EDIT pulse/controllers/default.py: -6
[2014-03-02 12:49:55] EDIT pulse/controllers/default.py: 0
[2014-03-02 12:53:30] EDIT pulse/controllers/default.py: 3
[2014-03-02 12:54:08] EDIT pulse/controllers/default.py: 0
[2014-03-02 12:54:38] EDIT pulse/controllers/default.py: 0
[2014-03-02 12:55:13] EDIT pulse/controllers/default.py: -2
[2014-03-02 12:56:11] EDIT pulse/controllers/default.py: -1
[2014-03-02 12:57:08] EDIT pulse/controllers/default.py: 2
[2014-03-02 12:57:33] EDIT pulse/controllers/default.py: 0
[2014-03-02 12:57:59] EDIT pulse/controllers/default.py: 0
[2014-03-02 12:58:15] EDIT pulse/controllers/default.py: -1
[2014-03-02 12:59:03] EDIT pulse/controllers/default.py: 0
[2014-03-02 12:59:31] EDIT pulse/controllers/default.py: 1
[2014-03-02 13:00:27] EDIT pulse/controllers/default.py: 0
[2014-03-02 13:00:33] EDIT pulse/controllers/default.py: 0
[2014-03-02 13:03:10] EDIT pulse/controllers/default.py: 0
[2014-03-02 13:05:28] EDIT pulse/controllers/default.py: 0
[2014-03-02 13:06:03] EDIT pulse/controllers/default.py: 0
[2014-03-02 13:07:18] EDIT pulse/controllers/default.py: 0
[2014-03-02 13:07:23] EDIT pulse/controllers/default.py: 0
[2014-03-02 13:10:44] EDIT pulse/controllers/default.py: 0
[2014-03-02 13:11:52] EDIT pulse/controllers/default.py: 5
[2014-03-02 13:12:58] EDIT pulse/controllers/default.py: 0
[2014-03-02 13:14:01] EDIT pulse/controllers/default.py: 0
[2014-03-02 13:15:24] EDIT pulse/controllers/default.py: 0
[2014-03-02 13:15:52] EDIT pulse/controllers/default.py: 0
[2014-03-02 14:01:38] EDIT pulse/controllers/default.py: 1
[2014-03-02 14:02:47] EDIT pulse/controllers/default.py: 0
[2014-03-02 14:03:19] EDIT pulse/controllers/default.py: 0
[2014-03-02 14:04:58] EDIT pulse/controllers/default.py: -1
[2014-03-02 14:07:09] EDIT pulse/views/layout.html: 1
[2014-03-02 14:07:42] EDIT pulse/views/layout.html: 0
[2014-03-02 14:12:46] EDIT pulse/views/default/index.html: 0
[2014-03-02 14:13:08] EDIT pulse/views/default/index.html: 0
[2014-03-02 14:14:07] EDIT pulse/views/default/index.html: 2
[2014-03-02 14:15:32] EDIT pulse/views/default/index.html: 0
[2014-03-02 14:15:56] EDIT pulse/views/default/index.html: 0
[2014-03-02 14:16:43] EDIT pulse/views/default/index.html: 0
[2014-03-02 14:20:51] EDIT pulse/views/layout.html: 6
[2014-03-02 14:21:40] EDIT pulse/views/layout.html: -2
[2014-03-02 14:22:43] EDIT pulse/views/layout.html: 2
[2014-03-02 14:23:02] EDIT pulse/views/layout.html: -1
[2014-03-02 14:24:25] EDIT pulse/views/layout.html: -5
[2014-03-02 14:24:44] EDIT pulse/views/layout.html: 0
